
/home/runner/work/exp-flow-through-pipes-nitk/exp-flow-through-pipes-nitk/experiment/simulation/js/dpi.js
  33:10  error  Parsing error: Identifier 'fix_dpi' has already been declared

/home/runner/work/exp-flow-through-pipes-nitk/exp-flow-through-pipes-nitk/experiment/simulation/js/ftpJS.js
     2:5   warning  'mpointer' is assigned a value but never used        no-unused-vars
     3:5   warning  'repeat' is assigned a value but never used          no-unused-vars
     4:5   warning  'a' is defined but never used                        no-unused-vars
     4:8   warning  'p' is defined but never used                        no-unused-vars
     4:11  warning  'lastp' is defined but never used                    no-unused-vars
     4:18  warning  'n' is defined but never used                        no-unused-vars
     4:21  warning  'b' is defined but never used                        no-unused-vars
     4:24  warning  'q' is defined but never used                        no-unused-vars
     4:27  warning  'flag' is assigned a value but never used            no-unused-vars
     5:5   warning  'avg' is defined but never used                      no-unused-vars
     5:10  warning  'average' is defined but never used                  no-unused-vars
    26:10  warning  'temp' is not defined                                no-undef
    26:20  warning  'temp' is not defined                                no-undef
    26:31  warning  'temp' is not defined                                no-undef
    27:44  warning  'temp' is not defined                                no-undef
    29:5   warning  'simsubscreennum' is not defined                     no-undef
    30:40  warning  'simsubscreennum' is not defined                     no-undef
    35:10  warning  'navNext' is defined but never used                  no-unused-vars
    36:10  warning  'temp' is not defined                                no-undef
    36:20  warning  'temp' is not defined                                no-undef
    36:31  warning  'temp' is not defined                                no-undef
    37:44  warning  'temp' is not defined                                no-undef
    40:5   warning  'simsubscreennum' is not defined                     no-undef
    41:41  warning  'simsubscreennum' is not defined                     no-undef
    48:10  warning  'animatearrow' is defined but never used             no-unused-vars
    56:10  warning  'myStopFunction' is defined but never used           no-unused-vars
    57:19  warning  'myInt' is not defined                               no-undef
    65:9   warning  'simsubscreennum' is not defined                     no-undef
    68:16  warning  'simsubscreennum' is not defined                     no-undef
    85:16  warning  'simsubscreennum' is not defined                     no-undef
   104:16  warning  'simsubscreennum' is not defined                     no-undef
   136:13  warning  'h1Val' is not defined                               no-undef
   137:13  warning  'h2Val' is not defined                               no-undef
   177:21  warning  'Propeller' is not defined                           no-undef
   196:16  warning  'simsubscreennum' is not defined                     no-undef
   210:10  warning  'dragAndRotate' is defined but never used            no-unused-vars
   216:10  warning  'temp' is not defined                                no-undef
   216:20  warning  'temp' is not defined                                no-undef
   216:31  warning  'temp' is not defined                                no-undef
   217:44  warning  'temp' is not defined                                no-undef
   219:5   warning  'simsubscreennum' is not defined                     no-undef
   220:40  warning  'simsubscreennum' is not defined                     no-undef
   245:10  warning  'temp' is not defined                                no-undef
   245:20  warning  'temp' is not defined                                no-undef
   245:31  warning  'temp' is not defined                                no-undef
   246:44  warning  'temp' is not defined                                no-undef
   248:5   warning  'simsubscreennum' is not defined                     no-undef
   249:40  warning  'simsubscreennum' is not defined                     no-undef
   268:10  warning  'temp' is not defined                                no-undef
   268:20  warning  'temp' is not defined                                no-undef
   268:31  warning  'temp' is not defined                                no-undef
   269:44  warning  'temp' is not defined                                no-undef
   271:5   warning  'simsubscreennum' is not defined                     no-undef
   272:40  warning  'simsubscreennum' is not defined                     no-undef
   298:5   warning  'h1Val' is not defined                               no-undef
   299:5   warning  'h2Val' is not defined                               no-undef
   307:10  warning  'temp' is not defined                                no-undef
   307:20  warning  'temp' is not defined                                no-undef
   307:31  warning  'temp' is not defined                                no-undef
   308:44  warning  'temp' is not defined                                no-undef
   310:5   warning  'simsubscreennum' is not defined                     no-undef
   311:40  warning  'simsubscreennum' is not defined                     no-undef
   337:10  warning  'temp' is not defined                                no-undef
   337:20  warning  'temp' is not defined                                no-undef
   337:31  warning  'temp' is not defined                                no-undef
   338:44  warning  'temp' is not defined                                no-undef
   340:5   warning  'simsubscreennum' is not defined                     no-undef
   341:40  warning  'simsubscreennum' is not defined                     no-undef
   348:10  warning  'temp' is not defined                                no-undef
   348:20  warning  'temp' is not defined                                no-undef
   348:31  warning  'temp' is not defined                                no-undef
   349:44  warning  'temp' is not defined                                no-undef
   351:5   warning  'simsubscreennum' is not defined                     no-undef
   352:40  warning  'simsubscreennum' is not defined                     no-undef
   361:10  warning  'temp' is not defined                                no-undef
   361:20  warning  'temp' is not defined                                no-undef
   361:31  warning  'temp' is not defined                                no-undef
   362:44  warning  'temp' is not defined                                no-undef
   364:5   warning  'simsubscreennum' is not defined                     no-undef
   365:40  warning  'simsubscreennum' is not defined                     no-undef
   378:9   warning  'h1Val' is not defined                               no-undef
   379:9   warning  'h2Val' is not defined                               no-undef
   460:10  warning  'selectAction' is defined but never used             no-unused-vars
   463:5   warning  'simsubscreennum' is not defined                     no-undef
   469:10  warning  'setPipeLength' is defined but never used            no-unused-vars
   476:10  warning  'setPipeDia' is defined but never used               no-unused-vars
   543:5   warning  'x' is assigned a value but never used               no-unused-vars
   544:5   warning  'numberOfClicks' is assigned a value but never used  no-unused-vars
   555:5   warning  'heightRight' is assigned a value but never used     no-unused-vars
   560:5   warning  'topRight' is assigned a value but never used        no-unused-vars
   563:5   warning  'heightPin' is assigned a value but never used       no-unused-vars
   564:5   warning  'heightPinNew' is assigned a value but never used    no-unused-vars
   858:5   warning  'h1Val' is not defined                               no-undef
   859:5   warning  'h2Val' is not defined                               no-undef
   878:5   warning  'h1Val' is not defined                               no-undef
   879:5   warning  'h2Val' is not defined                               no-undef
   944:5   warning  'simsubscreennum' is not defined                     no-undef
   947:41  warning  'simsubscreennum' is not defined                     no-undef
   957:10  warning  'setPipeLengthEval' is defined but never used        no-unused-vars
   964:10  warning  'setPipeDiaEval' is defined but never used           no-unused-vars
   971:10  warning  'setProcessFluidEval' is defined but never used      no-unused-vars
   978:10  warning  'setManoFluidEval' is defined but never used         no-unused-vars
   987:10  warning  'setEvalSets' is defined but never used              no-unused-vars
  1015:22  warning  'fric' is assigned a value but never used            no-unused-vars
  1018:10  warning  'evaluateConfig' is defined but never used           no-unused-vars
  1091:17  warning  'rowCountPost' is assigned a value but never used    no-unused-vars

/home/runner/work/exp-flow-through-pipes-nitk/exp-flow-through-pipes-nitk/experiment/simulation/js/jquery-3.6.0.js
     17:44  warning  'module' is not defined                                                    no-undef
     25:5   warning  'module' is not defined                                                    no-undef
    142:13  warning  'Symbol' is already defined as a built-in global variable                  no-redeclare
    717:22  warning  Unexpected control character(s) in regular expression: \x1f, \x1f          no-control-regex
    779:50  warning  Empty block statement                                                      no-empty
   2185:38  warning  Do not access Object.prototype method 'hasOwnProperty' from target object  no-prototype-builtins
   3205:16  warning  Unnecessary escape character: \/                                           no-useless-escape
   3507:52  warning  Empty block statement                                                      no-empty
   4584:21  warning  Empty block statement                                                      no-empty
   5051:28  warning  Unnecessary escape character: \/                                           no-useless-escape
   5268:19  warning  Empty block statement                                                      no-empty
   6564:25  warning  Empty block statement                                                      no-empty
   9171:17  warning  Empty block statement                                                      no-empty
   9819:28  warning  'urlAnchor.href' is assigned to itself                                     no-self-assign
  10269:17  warning  Empty block statement                                                      no-empty
  11162:39  warning  'define' is not defined                                                    no-undef
  11163:5   warning  'define' is not defined                                                    no-undef

/home/runner/work/exp-flow-through-pipes-nitk/exp-flow-through-pipes-nitk/experiment/simulation/js/jquery.ui.touch-punch.js
  174:4  warning  'jQuery' is not defined  no-undef

/home/runner/work/exp-flow-through-pipes-nitk/exp-flow-through-pipes-nitk/experiment/simulation/js/jquery.ui.touch-punch.min.js
  81:4  warning  'jQuery' is not defined  no-undef

/home/runner/work/exp-flow-through-pipes-nitk/exp-flow-through-pipes-nitk/experiment/simulation/js/jquerymin.js
  2:71     warning  'module' is not defined                                                    no-undef
  2:86     warning  'module' is not defined                                                    no-undef
  2:863    warning  'b' is assigned a value but never used                                     no-unused-vars
  2:3050   warning  'r' is assigned a value but never used                                     no-unused-vars
  2:5376   warning  Unexpected control character(s) in regular expression: \x1f, \x1f          no-control-regex
  2:5847   warning  Expected a conditional expression and instead saw an assignment            no-cond-assign
  2:6101   warning  Expected a conditional expression and instead saw an assignment            no-cond-assign
  2:6532   warning  Expected a conditional expression and instead saw an assignment            no-cond-assign
  2:6758   warning  Empty block statement                                                      no-empty
  2:7320   warning  Expected a conditional expression and instead saw an assignment            no-cond-assign
  2:9378   warning  Expected a conditional expression and instead saw an assignment            no-cond-assign
  2:9688   warning  Expected a conditional expression and instead saw an assignment            no-cond-assign
  2:11489  warning  Expected a conditional expression and instead saw an assignment            no-cond-assign
  2:12064  warning  Expected a conditional expression and instead saw an assignment            no-cond-assign
  2:12102  warning  Expected a conditional expression and instead saw an assignment            no-cond-assign
  2:12520  warning  Empty block statement                                                      no-empty
  2:13134  warning  Expected a conditional expression and instead saw an assignment            no-cond-assign
  2:13446  warning  Expected a conditional expression and instead saw an assignment            no-cond-assign
  2:15271  warning  Expected a conditional expression and instead saw an assignment            no-cond-assign
  2:15542  warning  Expected a conditional expression and instead saw an assignment            no-cond-assign
  2:15740  warning  Expected a conditional expression and instead saw an assignment            no-cond-assign
  2:16114  warning  Do not access Object.prototype method 'hasOwnProperty' from target object  no-prototype-builtins
  2:16815  warning  Expected a conditional expression and instead saw an assignment            no-cond-assign
  2:19155  warning  Expected a conditional expression and instead saw an assignment            no-cond-assign
  2:19255  warning  Expected a conditional expression and instead saw an assignment            no-cond-assign
  2:19315  warning  Expected a conditional expression and instead saw an assignment            no-cond-assign
  2:20674  warning  Expected a conditional expression and instead saw an assignment            no-cond-assign
  2:21288  warning  Expected a conditional expression and instead saw an assignment            no-cond-assign
  2:21399  warning  Expected a conditional expression and instead saw an assignment            no-cond-assign
  2:23719  warning  Unnecessary escape character: \/                                           no-useless-escape
  2:33344  warning  Empty block statement                                                      no-empty
  2:37050  warning  Unnecessary escape character: \/                                           no-useless-escape
  2:38265  warning  Expected a conditional expression and instead saw an assignment            no-cond-assign
  2:38405  warning  Expected a conditional expression and instead saw an assignment            no-cond-assign
  2:39039  warning  Empty block statement                                                      no-empty
  2:45778  warning  Unnecessary escape character: \/                                           no-useless-escape
  2:48087  warning  Expected a conditional expression and instead saw an assignment            no-cond-assign
  2:49647  warning  Empty block statement                                                      no-empty
  2:57298  warning  Expected a conditional expression and instead saw an assignment            no-cond-assign
  2:59847  warning  Expected a conditional expression and instead saw an assignment            no-cond-assign
  2:64132  warning  Expected a conditional expression and instead saw an assignment            no-cond-assign
  2:65877  warning  Expected a conditional expression and instead saw an assignment            no-cond-assign
  2:65943  warning  Expected a conditional expression and instead saw an assignment            no-cond-assign
  2:66247  warning  Expected a conditional expression and instead saw an assignment            no-cond-assign
  2:66313  warning  Expected a conditional expression and instead saw an assignment            no-cond-assign
  2:66720  warning  Expected a conditional expression and instead saw an assignment            no-cond-assign
  2:66997  warning  Expected a conditional expression and instead saw an assignment            no-cond-assign
  2:72432  warning  Expected a conditional expression and instead saw an assignment            no-cond-assign
  2:74924  warning  Expected a conditional expression and instead saw an assignment            no-cond-assign
  2:75645  warning  'l.href' is assigned to itself                                             no-self-assign
  2:79204  warning  Empty block statement                                                      no-empty
  2:83243  warning  Expected a conditional expression and instead saw an assignment            no-cond-assign
  2:83243  warning  'l' is assigned a value but never used                                     no-unused-vars
  2:86651  warning  'define' is not defined                                                    no-undef
  2:86663  warning  'define' is not defined                                                    no-undef

/home/runner/work/exp-flow-through-pipes-nitk/exp-flow-through-pipes-nitk/experiment/simulation/js/propeller.min.js
  1:7925  warning  'a' is defined but never used  no-unused-vars
  1:8813  warning  'f' is already defined         no-redeclare
  1:9265  warning  '$' is not defined             no-undef
  1:9280  warning  '$' is not defined             no-undef
  1:9306  warning  '$' is not defined             no-undef
  1:9358  warning  '$' is not defined             no-undef
  1:9404  warning  '$' is not defined             no-undef
  1:9431  warning  '$' is not defined             no-undef

/home/runner/work/exp-flow-through-pipes-nitk/exp-flow-through-pipes-nitk/experiment/simulation/js/script.js
     2:5   warning  'mpointer' is assigned a value but never used        no-unused-vars
     3:5   warning  'repeat' is assigned a value but never used          no-unused-vars
     4:5   warning  'a' is defined but never used                        no-unused-vars
     4:8   warning  'p' is defined but never used                        no-unused-vars
     4:11  warning  'lastp' is defined but never used                    no-unused-vars
     4:18  warning  'n' is defined but never used                        no-unused-vars
     4:21  warning  'b' is defined but never used                        no-unused-vars
     4:24  warning  'q' is defined but never used                        no-unused-vars
     4:27  warning  'flag' is assigned a value but never used            no-unused-vars
     5:5   warning  'avg' is defined but never used                      no-unused-vars
     5:10  warning  'average' is defined but never used                  no-unused-vars
    27:10  warning  'goToStart' is defined but never used                no-unused-vars
    55:10  warning  'changeOriginal' is defined but never used           no-unused-vars
    62:10  warning  'temp' is not defined                                no-undef
    62:20  warning  'temp' is not defined                                no-undef
    62:31  warning  'temp' is not defined                                no-undef
    63:44  warning  'temp' is not defined                                no-undef
    65:5   warning  'simsubscreennum' is not defined                     no-undef
    66:40  warning  'simsubscreennum' is not defined                     no-undef
    71:10  warning  'navNext' is defined but never used                  no-unused-vars
    72:10  warning  'temp' is not defined                                no-undef
    72:20  warning  'temp' is not defined                                no-undef
    72:31  warning  'temp' is not defined                                no-undef
    73:44  warning  'temp' is not defined                                no-undef
    76:5   warning  'simsubscreennum' is not defined                     no-undef
    77:41  warning  'simsubscreennum' is not defined                     no-undef
    84:10  warning  'animatearrow' is defined but never used             no-unused-vars
    93:10  warning  'myStopFunction' is defined but never used           no-unused-vars
    94:19  warning  'myInt' is not defined                               no-undef
   102:9   warning  'simsubscreennum' is not defined                     no-undef
   104:16  warning  'simsubscreennum' is not defined                     no-undef
   124:16  warning  'simsubscreennum' is not defined                     no-undef
   143:16  warning  'simsubscreennum' is not defined                     no-undef
   173:13  warning  'h1Val' is not defined                               no-undef
   174:13  warning  'h2Val' is not defined                               no-undef
   221:21  warning  'Propeller' is not defined                           no-undef
   240:16  warning  'simsubscreennum' is not defined                     no-undef
   254:10  warning  'dragAndRotate' is defined but never used            no-unused-vars
   258:10  warning  'mclose' is defined but never used                   no-unused-vars
   263:10  warning  'mclose1' is defined but never used                  no-unused-vars
   273:10  warning  'mclose2' is defined but never used                  no-unused-vars
   280:10  warning  'temp' is not defined                                no-undef
   280:20  warning  'temp' is not defined                                no-undef
   280:31  warning  'temp' is not defined                                no-undef
   281:44  warning  'temp' is not defined                                no-undef
   283:5   warning  'simsubscreennum' is not defined                     no-undef
   284:40  warning  'simsubscreennum' is not defined                     no-undef
   331:10  warning  'temp' is not defined                                no-undef
   331:20  warning  'temp' is not defined                                no-undef
   331:31  warning  'temp' is not defined                                no-undef
   332:44  warning  'temp' is not defined                                no-undef
   334:5   warning  'simsubscreennum' is not defined                     no-undef
   335:40  warning  'simsubscreennum' is not defined                     no-undef
   360:10  warning  'temp' is not defined                                no-undef
   360:20  warning  'temp' is not defined                                no-undef
   360:31  warning  'temp' is not defined                                no-undef
   361:44  warning  'temp' is not defined                                no-undef
   363:5   warning  'simsubscreennum' is not defined                     no-undef
   364:40  warning  'simsubscreennum' is not defined                     no-undef
   399:5   warning  'h1Val' is not defined                               no-undef
   400:5   warning  'h2Val' is not defined                               no-undef
   404:10  warning  'temp' is not defined                                no-undef
   404:20  warning  'temp' is not defined                                no-undef
   404:31  warning  'temp' is not defined                                no-undef
   405:44  warning  'temp' is not defined                                no-undef
   407:5   warning  'simsubscreennum' is not defined                     no-undef
   408:40  warning  'simsubscreennum' is not defined                     no-undef
   438:10  warning  'temp' is not defined                                no-undef
   438:20  warning  'temp' is not defined                                no-undef
   438:31  warning  'temp' is not defined                                no-undef
   439:44  warning  'temp' is not defined                                no-undef
   441:5   warning  'simsubscreennum' is not defined                     no-undef
   442:40  warning  'simsubscreennum' is not defined                     no-undef
   449:10  warning  'temp' is not defined                                no-undef
   449:20  warning  'temp' is not defined                                no-undef
   449:31  warning  'temp' is not defined                                no-undef
   450:44  warning  'temp' is not defined                                no-undef
   452:5   warning  'simsubscreennum' is not defined                     no-undef
   453:40  warning  'simsubscreennum' is not defined                     no-undef
   499:10  warning  'temp' is not defined                                no-undef
   499:20  warning  'temp' is not defined                                no-undef
   499:31  warning  'temp' is not defined                                no-undef
   500:44  warning  'temp' is not defined                                no-undef
   502:5   warning  'simsubscreennum' is not defined                     no-undef
   504:40  warning  'simsubscreennum' is not defined                     no-undef
   685:10  warning  'selectAction' is defined but never used             no-unused-vars
   688:5   warning  'simsubscreennum' is not defined                     no-undef
   695:10  warning  'setPipeLength' is defined but never used            no-unused-vars
   704:10  warning  'setPipeDia' is defined but never used               no-unused-vars
   732:10  warning  'setProcessFluid' is defined but never used          no-unused-vars
   749:10  warning  'setManoFluid' is defined but never used             no-unused-vars
   764:5   warning  'x' is assigned a value but never used               no-unused-vars
   765:5   warning  'numberOfClicks' is assigned a value but never used  no-unused-vars
   776:5   warning  'heightRight' is assigned a value but never used     no-unused-vars
   781:5   warning  'topRight' is assigned a value but never used        no-unused-vars
   784:5   warning  'heightPin' is assigned a value but never used       no-unused-vars
   785:5   warning  'heightPinNew' is assigned a value but never used    no-unused-vars
   996:10  warning  'remAllRead' is defined but never used               no-unused-vars
  1009:9   warning  '$' is not defined                                   no-undef
  1015:10  warning  'emailSend' is defined but never used                no-unused-vars
  1024:10  warning  'sendEmail' is defined but never used                no-unused-vars
  1028:5   warning  'emidlen' is not defined                             no-undef
  1030:9   warning  'emidlen' is not defined                             no-undef
  1039:14  warning  'i' is not defined                                   no-undef
  1039:21  warning  'i' is not defined                                   no-undef
  1039:44  warning  'i' is not defined                                   no-undef
  1042:44  warning  'i' is not defined                                   no-undef
  1046:17  warning  'info' is not defined                                no-undef
  1046:34  warning  'info' is not defined                                no-undef
  1048:13  warning  'info' is not defined                                no-undef
  1048:30  warning  'info' is not defined                                no-undef
  1062:10  warning  'setemail' is defined but never used                 no-unused-vars
  1067:10  warning  'remSelRead' is defined but never used               no-unused-vars
  1077:10  warning  'i' is not defined                                   no-undef
  1077:17  warning  'i' is not defined                                   no-undef
  1077:34  warning  'i' is not defined                                   no-undef
  1078:14  warning  'i' is not defined                                   no-undef
  1188:5   warning  'h1Val' is not defined                               no-undef
  1189:5   warning  'h2Val' is not defined                               no-undef
  1254:5   warning  'simsubscreennum' is not defined                     no-undef
  1257:41  warning  'simsubscreennum' is not defined                     no-undef
  1269:10  warning  'setPipeLengthEval' is defined but never used        no-unused-vars
  1278:10  warning  'setPipeDiaEval' is defined but never used           no-unused-vars
  1298:10  warning  'setProcessFluidEval' is defined but never used      no-unused-vars
  1305:10  warning  'setManoFluidEval' is defined but never used         no-unused-vars
  1316:10  warning  'setEvalSets' is defined but never used              no-unused-vars
  1335:18  warning  'x' is already defined                               no-redeclare
  1358:66  warning  'presInMeter' is assigned a value but never used     no-unused-vars
  1359:5   warning  'evalCount' is assigned a value but never used       no-unused-vars
  1361:10  warning  'evaluateConfig' is defined but never used           no-unused-vars
  1446:17  warning  'rowCountPost' is assigned a value but never used    no-unused-vars
  1452:17  warning  'tabl2' is assigned a value but never used           no-unused-vars
  1454:17  warning  'rowCounttt' is assigned a value but never used      no-unused-vars
  1478:10  warning  'showFirstScreen' is defined but never used          no-unused-vars

✖ 323 problems (1 error, 322 warnings)

